<?xml version="1.0" encoding="UTF-8"?>
<!-- Generated by org.testng.reporters.JUnitReportReporter -->
<testsuite hostname="DESKTOP-BEE35AR" failures="0" tests="3" name="Bizupautomation.testCases.EnquiryFlows" time="387.991" errors="0" timestamp="2024-05-24T11:38:41 IST" skipped="0">
  <testcase classname="Bizupautomation.testCases.EnquiryFlows" name="SearchEnquiryFlow" time="150.381"/>
  <testcase classname="Bizupautomation.testCases.EnquiryFlows" name="EnquiryTabFlow" time="101.916"/>
  <testcase classname="Bizupautomation.testCases.EnquiryFlows" name="EnquiryVideoFlow" time="135.694"/>
</testsuite> <!-- Bizupautomation.testCases.EnquiryFlows -->
