<?xml version="1.0" encoding="UTF-8"?>
<!-- Generated by org.testng.reporters.JUnitReportReporter -->
<testsuite hostname="DESKTOP-BEE35AR" failures="0" tests="1" name="Bizupautomation.testCases.EnquiryFlows" time="125.025" errors="0" timestamp="2024-06-05T15:24:12 IST" skipped="0">
  <testcase classname="Bizupautomation.testCases.EnquiryFlows" name="VideoEnquiryFlow" time="125.025"/>
</testsuite> <!-- Bizupautomation.testCases.EnquiryFlows -->
