<?xml version="1.0" encoding="UTF-8"?>
<!-- Generated by org.testng.reporters.JUnitReportReporter -->
<testsuite hostname="DESKTOP-BEE35AR" failures="0" tests="2" name="Bizupautomation.testCases.Filters" time="219.104" errors="0" timestamp="2024-05-26T13:11:51 IST" skipped="0">
  <testcase classname="Bizupautomation.testCases.Filters" name="HomeReset" time="128.538"/>
  <testcase classname="Bizupautomation.testCases.Filters" name="VideoReset" time="90.566"/>
</testsuite> <!-- Bizupautomation.testCases.Filters -->
