<?xml version="1.0" encoding="UTF-8"?>
<!-- Generated by org.testng.reporters.JUnitReportReporter -->
<testsuite hostname="DESKTOP-BEE35AR" failures="0" tests="1" name="Bizupautomation.bizup.TestFlow" time="42.241" errors="0" timestamp="2024-04-18T17:29:34 IST" skipped="0">
  <testcase classname="Bizupautomation.bizup.TestFlow" name="SearchEnquiryFlow" time="42.241"/>
  <system-out/>
</testsuite> <!-- Bizupautomation.bizup.TestFlow -->
