<?xml version="1.0" encoding="UTF-8"?>
<!-- Generated by org.testng.reporters.JUnitReportReporter -->
<testsuite hostname="DESKTOP-BEE35AR" failures="0" tests="2" name="Bizupautomation.testCases.Save" time="74.074" errors="0" timestamp="2024-06-06T10:41:46 IST" skipped="0">
  <testcase classname="Bizupautomation.testCases.Save" name="SaveFlow" time="40.172"/>
  <testcase classname="Bizupautomation.testCases.Save" name="DirectionAndSample" time="33.902"/>
</testsuite> <!-- Bizupautomation.testCases.Save -->
