<?xml version="1.0" encoding="UTF-8"?>
<!-- Generated by org.testng.reporters.JUnitReportReporter -->
<testsuite hostname="DESKTOP-BEE35AR" failures="0" tests="3" name="Bizupautomation.bizup.EnquiryFlows" time="270.827" errors="0" timestamp="2024-04-18T17:18:10 IST" skipped="0">
  <testcase classname="Bizupautomation.bizup.EnquiryFlows" name="EnquiryTabFlow" time="63.620"/>
  <system-out/>
  <testcase classname="Bizupautomation.bizup.EnquiryFlows" name="EnquiryVideoFlow" time="117.529"/>
  <system-out/>
  <testcase classname="Bizupautomation.bizup.EnquiryFlows" name="SearchEnquiryFlow" time="89.678"/>
  <system-out/>
</testsuite> <!-- Bizupautomation.bizup.EnquiryFlows -->
