<?xml version="1.0" encoding="UTF-8"?>
<!-- Generated by org.testng.reporters.JUnitReportReporter -->
<testsuite hostname="DESKTOP-BEE35AR" failures="0" tests="3" name="Bizupautomation.testCases.AgentFlow" time="181.127" errors="0" timestamp="2024-06-05T14:12:08 IST" skipped="0">
  <testcase classname="Bizupautomation.testCases.AgentFlow" name="HomeAgent" time="128.967"/>
  <testcase classname="Bizupautomation.testCases.AgentFlow" name="SaveAgent" time="23.941"/>
  <testcase classname="Bizupautomation.testCases.AgentFlow" name="EnquiryTabAgent" time="28.219"/>
</testsuite> <!-- Bizupautomation.testCases.AgentFlow -->
