<?xml version="1.0" encoding="UTF-8"?>
<!-- Generated by org.testng.reporters.JUnitReportReporter -->
<testsuite hostname="DESKTOP-BEE35AR" failures="0" tests="1" name="Bizupautomation.testCases.InstallAndLogin" time="6.292" errors="0" timestamp="2024-06-05T14:12:08 IST" skipped="0">
  <testcase classname="Bizupautomation.testCases.InstallAndLogin" name="LoginFlow" time="6.292"/>
</testsuite> <!-- Bizupautomation.testCases.InstallAndLogin -->
