<?xml version="1.0" encoding="UTF-8"?>
<!-- Generated by org.testng.reporters.JUnitReportReporter -->
<testsuite hostname="DESKTOP-BEE35AR" failures="0" tests="1" name="Bizupautomation.testCases.Filters" time="84.337" errors="0" timestamp="2024-05-28T11:42:36 IST" skipped="0">
  <testcase classname="Bizupautomation.testCases.Filters" name="VideoReset" time="84.337"/>
</testsuite> <!-- Bizupautomation.testCases.Filters -->
