<?xml version="1.0" encoding="UTF-8"?>
<!-- Generated by org.testng.reporters.JUnitReportReporter -->
<testsuite hostname="DESKTOP-BEE35AR" failures="0" tests="1" name="Bizupautomation.testCases.InstallAndLogin" time="58.866" errors="0" timestamp="2024-06-02T12:52:37 IST" skipped="0">
  <testcase classname="Bizupautomation.testCases.InstallAndLogin" name="LoginFlow" time="58.866"/>
</testsuite> <!-- Bizupautomation.testCases.InstallAndLogin -->
