<?xml version="1.0" encoding="UTF-8"?>
<!-- Generated by org.testng.reporters.JUnitReportReporter -->
<testsuite hostname="DESKTOP-BEE35AR" failures="0" tests="2" name="Bizupautomation.testCases.Save" time="74.240" errors="0" timestamp="2024-06-05T14:12:08 IST" skipped="0">
  <testcase classname="Bizupautomation.testCases.Save" name="DirectionAndSample" time="32.109"/>
  <testcase classname="Bizupautomation.testCases.Save" name="SaveFlow" time="42.131"/>
</testsuite> <!-- Bizupautomation.testCases.Save -->
