<?xml version="1.0" encoding="UTF-8"?>
<!-- Generated by org.testng.reporters.JUnitReportReporter -->
<testsuite hostname="DESKTOP-BEE35AR" failures="0" tests="1" name="Bizupautomation.bizup.Install" time="55.146" errors="0" timestamp="2024-05-15T14:02:49 IST" skipped="0">
  <testcase classname="Bizupautomation.bizup.Install" name="LoginFlow" time="55.146"/>
  <system-out/>
</testsuite> <!-- Bizupautomation.bizup.Install -->
