<?xml version="1.0" encoding="UTF-8"?>
<!-- Generated by org.testng.reporters.JUnitReportReporter -->
<testsuite hostname="DESKTOP-BEE35AR" failures="0" tests="1" name="Bizupautomation.testCases.Super" time="24.478" errors="0" timestamp="2024-05-19T16:27:53 IST" skipped="0">
  <testcase classname="Bizupautomation.testCases.Super" name="SuperFlow" time="24.478"/>
</testsuite> <!-- Bizupautomation.testCases.Super -->
