<?xml version="1.0" encoding="UTF-8"?>
<!-- Generated by org.testng.reporters.JUnitReportReporter -->
<testsuite hostname="DESKTOP-BEE35AR" failures="0" tests="4" name="Bizupautomation.testCases.AgentFlow" time="182.248" errors="0" timestamp="2024-05-28T10:45:09 IST" skipped="0">
  <testcase classname="Bizupautomation.testCases.AgentFlow" name="AgentHome" time="105.011"/>
  <testcase classname="Bizupautomation.testCases.AgentFlow" name="AgentEnquiryTab" time="26.160"/>
  <testcase classname="Bizupautomation.testCases.AgentFlow" name="AgentSellerPage" time="29.015"/>
  <testcase classname="Bizupautomation.testCases.AgentFlow" name="AgentSave" time="22.062"/>
</testsuite> <!-- Bizupautomation.testCases.AgentFlow -->
