<?xml version="1.0" encoding="UTF-8"?>
<!-- Generated by org.testng.reporters.JUnitReportReporter -->
<testsuite hostname="DESKTOP-BEE35AR" failures="0" tests="1" name="Bizupautomation.testCases.Filters" time="79.465" errors="0" timestamp="2024-06-02T13:11:19 IST" skipped="0">
  <testcase classname="Bizupautomation.testCases.Filters" name="VideoReset" time="79.465"/>
</testsuite> <!-- Bizupautomation.testCases.Filters -->
