<?xml version="1.0" encoding="UTF-8"?>
<!-- Generated by org.testng.reporters.JUnitReportReporter -->
<testsuite hostname="DESKTOP-BEE35AR" failures="0" tests="1" name="Bizupautomation.testCases.SellerJourney" time="83.163" errors="0" timestamp="2024-05-24T11:38:41 IST" skipped="0">
  <testcase classname="Bizupautomation.testCases.SellerJourney" name="SellerJourneyFlow" time="83.163"/>
</testsuite> <!-- Bizupautomation.testCases.SellerJourney -->
