<?xml version="1.0" encoding="UTF-8"?>
<!-- Generated by org.testng.reporters.JUnitReportReporter -->
<testsuite hostname="DESKTOP-BEE35AR" failures="0" tests="1" name="Bizupautomation.testCases.Profile" time="45.591" errors="0" timestamp="2024-05-28T10:45:09 IST" skipped="0">
  <testcase classname="Bizupautomation.testCases.Profile" name="ProfileFlow" time="45.591"/>
</testsuite> <!-- Bizupautomation.testCases.Profile -->
