<?xml version="1.0" encoding="UTF-8"?>
<!-- Generated by org.testng.reporters.JUnitReportReporter -->
<testsuite hostname="DESKTOP-BEE35AR" failures="0" tests="1" name="Bizupautomation.testCases.EnquiryFlows" time="57.958" errors="0" timestamp="2024-05-28T12:44:29 IST" skipped="0">
  <testcase classname="Bizupautomation.testCases.EnquiryFlows" name="EnquiryTabFlow" time="57.958"/>
</testsuite> <!-- Bizupautomation.testCases.EnquiryFlows -->
