<?xml version="1.0" encoding="UTF-8"?>
<!-- Generated by org.testng.reporters.JUnitReportReporter -->
<testsuite hostname="DESKTOP-BEE35AR" failures="0" tests="4" name="Bizupautomation.testCases.AgentFlow" time="203.733" errors="0" timestamp="2024-06-02T12:52:37 IST" skipped="0">
  <testcase classname="Bizupautomation.testCases.AgentFlow" name="SellerPageAgent" time="30.689"/>
  <testcase classname="Bizupautomation.testCases.AgentFlow" name="SaveAgent" time="26.076"/>
  <testcase classname="Bizupautomation.testCases.AgentFlow" name="EnquiryTabAgent" time="27.359"/>
  <testcase classname="Bizupautomation.testCases.AgentFlow" name="HomeAgent" time="119.609"/>
</testsuite> <!-- Bizupautomation.testCases.AgentFlow -->
