<?xml version="1.0" encoding="UTF-8"?>
<!-- Generated by org.testng.reporters.JUnitReportReporter -->
<testsuite hostname="DESKTOP-BEE35AR" failures="0" tests="1" name="Bizupautomation.bizup.Enquiryflow2" time="29.564" errors="0" timestamp="2024-04-17T13:35:59 IST" skipped="0">
  <testcase classname="Bizupautomation.bizup.Enquiryflow2" name="Enquiryflow" time="29.564"/>
  <system-out/>
</testsuite> <!-- Bizupautomation.bizup.Enquiryflow2 -->
