<?xml version="1.0" encoding="UTF-8"?>
<!-- Generated by org.testng.reporters.JUnitReportReporter -->
<testsuite hostname="DESKTOP-BEE35AR" failures="0" tests="3" name="Bizupautomation.testCases.EnquiryFlows" time="400.134" errors="0" timestamp="2024-05-23T11:51:48 IST" skipped="0">
  <testcase classname="Bizupautomation.testCases.EnquiryFlows" name="EnquiryVideoFlow" time="148.784"/>
  <testcase classname="Bizupautomation.testCases.EnquiryFlows" name="EnquiryTabFlow" time="106.806"/>
  <testcase classname="Bizupautomation.testCases.EnquiryFlows" name="SearchEnquiryFlow" time="144.544"/>
</testsuite> <!-- Bizupautomation.testCases.EnquiryFlows -->
