<?xml version="1.0" encoding="UTF-8"?>
<!-- Generated by org.testng.reporters.JUnitReportReporter -->
<testsuite hostname="DESKTOP-BEE35AR" failures="0" tests="1" name="Bizupautomation.testCases.Rating" time="34.408" errors="0" timestamp="2024-06-06T10:41:46 IST" skipped="0">
  <testcase classname="Bizupautomation.testCases.Rating" name="RatingFlow" time="34.408"/>
</testsuite> <!-- Bizupautomation.testCases.Rating -->
