<?xml version="1.0" encoding="UTF-8"?>
<!-- Generated by org.testng.reporters.JUnitReportReporter -->
<testsuite hostname="DESKTOP-BEE35AR" failures="0" tests="1" name="Bizupautomation.testCases.Agent" time="113.586" errors="0" timestamp="2024-05-19T12:48:48 IST" skipped="0">
  <testcase classname="Bizupautomation.testCases.Agent" name="AgentFlow" time="113.586"/>
</testsuite> <!-- Bizupautomation.testCases.Agent -->
