<?xml version="1.0" encoding="UTF-8"?>
<!-- Generated by org.testng.reporters.JUnitReportReporter -->
<testsuite hostname="DESKTOP-BEE35AR" failures="0" tests="1" name="Bizupautomation.testCases.InstallAndLogin" time="67.481" errors="0" timestamp="2024-05-28T10:45:09 IST" skipped="0">
  <testcase classname="Bizupautomation.testCases.InstallAndLogin" name="LoginFlow" time="67.481"/>
</testsuite> <!-- Bizupautomation.testCases.InstallAndLogin -->
