<?xml version="1.0" encoding="UTF-8"?>
<!-- Generated by org.testng.reporters.JUnitReportReporter -->
<testsuite hostname="DESKTOP-BEE35AR" failures="0" tests="3" name="Bizupautomation.testCases.AgentFlow" time="186.477" errors="0" timestamp="2024-06-06T10:41:46 IST" skipped="0">
  <testcase classname="Bizupautomation.testCases.AgentFlow" name="EnquiryTabAgent" time="29.065"/>
  <testcase classname="Bizupautomation.testCases.AgentFlow" name="SaveAgent" time="30.987"/>
  <testcase classname="Bizupautomation.testCases.AgentFlow" name="HomeAgent" time="126.425"/>
</testsuite> <!-- Bizupautomation.testCases.AgentFlow -->
