<?xml version="1.0" encoding="UTF-8"?>
<!-- Generated by org.testng.reporters.JUnitReportReporter -->
<testsuite hostname="DESKTOP-BEE35AR" failures="0" tests="1" name="Bizupautomation.testCases.Profile" time="51.232" errors="0" timestamp="2024-06-02T12:52:37 IST" skipped="0">
  <testcase classname="Bizupautomation.testCases.Profile" name="ProfileFlow" time="51.232"/>
</testsuite> <!-- Bizupautomation.testCases.Profile -->
