<?xml version="1.0" encoding="UTF-8"?>
<!-- Generated by org.testng.reporters.JUnitReportReporter -->
<testsuite hostname="DESKTOP-BEE35AR" failures="0" tests="1" name="Bizupautomation.bizup.Enquiryflow" time="329.747" errors="0" timestamp="2024-04-14T12:15:14 IST" skipped="0">
  <testcase classname="Bizupautomation.bizup.Enquiryflow" name="Enquiryvideoflow" time="329.747"/>
  <system-out/>
</testsuite> <!-- Bizupautomation.bizup.Enquiryflow -->
