<?xml version="1.0" encoding="UTF-8"?>
<!-- Generated by org.testng.reporters.JUnitReportReporter -->
<testsuite hostname="DESKTOP-BEE35AR" failures="0" tests="1" name="Bizupautomation.testCases.SellerJourney" time="91.943" errors="0" timestamp="2024-06-06T13:29:26 IST" skipped="0">
  <testcase classname="Bizupautomation.testCases.SellerJourney" name="SellerJourneyFlow" time="91.943"/>
</testsuite> <!-- Bizupautomation.testCases.SellerJourney -->
