<?xml version="1.0" encoding="UTF-8"?>
<!-- Generated by org.testng.reporters.JUnitReportReporter -->
<testsuite hostname="DESKTOP-BEE35AR" failures="0" tests="1" name="Bizupautomation.testCases.Profile" time="28.247" errors="0" timestamp="2024-05-23T13:56:44 IST" skipped="0">
  <testcase classname="Bizupautomation.testCases.Profile" name="ProfileFlow" time="28.247"/>
</testsuite> <!-- Bizupautomation.testCases.Profile -->
