<?xml version="1.0" encoding="UTF-8"?>
<!-- Generated by org.testng.reporters.JUnitReportReporter -->
<testsuite hostname="DESKTOP-BEE35AR" failures="0" tests="1" name="Bizupautomation.testCases.SellerJourney" time="77.526" errors="0" timestamp="2024-05-23T11:51:48 IST" skipped="0">
  <testcase classname="Bizupautomation.testCases.SellerJourney" name="SellerJourneyFlow" time="77.526"/>
</testsuite> <!-- Bizupautomation.testCases.SellerJourney -->
