<?xml version="1.0" encoding="UTF-8"?>
<!-- Generated by org.testng.reporters.JUnitReportReporter -->
<testsuite hostname="DESKTOP-BEE35AR" failures="0" tests="1" name="Bizupautomation.testCases.EnquiryFlows" time="152.571" errors="0" timestamp="2024-05-28T12:02:55 IST" skipped="0">
  <testcase classname="Bizupautomation.testCases.EnquiryFlows" name="SearchEnquiryFlow" time="152.571"/>
</testsuite> <!-- Bizupautomation.testCases.EnquiryFlows -->
