<?xml version="1.0" encoding="UTF-8"?>
<!-- Generated by org.testng.reporters.JUnitReportReporter -->
<testsuite hostname="DESKTOP-BEE35AR" failures="0" tests="1" name="Bizupautomation.testCases.Save" time="43.556" errors="0" timestamp="2024-05-28T10:58:41 IST" skipped="0">
  <testcase classname="Bizupautomation.testCases.Save" name="SaveFlow" time="43.556"/>
</testsuite> <!-- Bizupautomation.testCases.Save -->
