<?xml version="1.0" encoding="UTF-8"?>
<!-- Generated by org.testng.reporters.JUnitReportReporter -->
<testsuite hostname="DESKTOP-BEE35AR" failures="0" tests="1" name="Bizupautomation.testCases.Rating" time="23.460" errors="0" timestamp="2024-06-05T14:12:08 IST" skipped="0">
  <testcase classname="Bizupautomation.testCases.Rating" name="RatingFlow" time="23.460"/>
</testsuite> <!-- Bizupautomation.testCases.Rating -->
