<?xml version="1.0" encoding="UTF-8"?>
<!-- Generated by org.testng.reporters.JUnitReportReporter -->
<testsuite hostname="DESKTOP-BEE35AR" failures="0" tests="2" name="Bizupautomation.bizup.PlayStoreInstall" time="76.931" errors="0" timestamp="2024-04-22T16:12:47 IST" skipped="0">
  <testcase classname="Bizupautomation.bizup.PlayStoreInstall" name="LoginFlow" time="17.370"/>
  <system-out/>
  <testcase classname="Bizupautomation.bizup.PlayStoreInstall" name="InstallFlow" time="59.561"/>
  <system-out/>
</testsuite> <!-- Bizupautomation.bizup.PlayStoreInstall -->
