<?xml version="1.0" encoding="UTF-8"?>
<!-- Generated by org.testng.reporters.JUnitReportReporter -->
<testsuite hostname="DESKTOP-BEE35AR" failures="0" tests="1" name="Bizupautomation.testCases.InstallAndLogin" time="7.797" errors="0" timestamp="2024-06-06T10:41:46 IST" skipped="0">
  <testcase classname="Bizupautomation.testCases.InstallAndLogin" name="LoginFlow" time="7.797"/>
</testsuite> <!-- Bizupautomation.testCases.InstallAndLogin -->
