<?xml version="1.0" encoding="UTF-8"?>
<!-- Generated by org.testng.reporters.JUnitReportReporter -->
<testsuite hostname="DESKTOP-BEE35AR" failures="0" tests="1" name="Bizupautomation.bizup.EnquiryFlows" time="142.259" errors="0" timestamp="2024-05-15T14:29:43 IST" skipped="0">
  <testcase classname="Bizupautomation.bizup.EnquiryFlows" name="EnquiryVideoFlow" time="142.259"/>
  <system-out/>
</testsuite> <!-- Bizupautomation.bizup.EnquiryFlows -->
