<?xml version="1.0" encoding="UTF-8"?>
<!-- Generated by org.testng.reporters.JUnitReportReporter -->
<testsuite hostname="DESKTOP-BEE35AR" failures="0" tests="1" name="Bizupautomation.testCases.Rating" time="27.926" errors="0" timestamp="2024-05-24T15:46:54 IST" skipped="0">
  <testcase classname="Bizupautomation.testCases.Rating" name="Demo" time="27.926"/>
</testsuite> <!-- Bizupautomation.testCases.Rating -->
