<?xml version="1.0" encoding="UTF-8"?>
<!-- Generated by org.testng.reporters.JUnitReportReporter -->
<testsuite hostname="DESKTOP-BEE35AR" failures="0" tests="1" name="Bizupautomation.testCases.Filters" time="105.154" errors="0" timestamp="2024-06-06T14:34:38 IST" skipped="0">
  <testcase classname="Bizupautomation.testCases.Filters" name="VideoReset" time="105.154"/>
</testsuite> <!-- Bizupautomation.testCases.Filters -->
