<?xml version="1.0" encoding="UTF-8"?>
<!-- Generated by org.testng.reporters.JUnitReportReporter -->
<testsuite hostname="DESKTOP-BEE35AR" failures="0" tests="3" name="Bizupautomation.testCases.EnquiryFlows" time="435.890" errors="0" timestamp="2024-06-06T10:41:46 IST" skipped="0">
  <testcase classname="Bizupautomation.testCases.EnquiryFlows" name="VideoEnquiryFlow" time="163.258"/>
  <testcase classname="Bizupautomation.testCases.EnquiryFlows" name="EnquiryTabFlow" time="104.363"/>
  <testcase classname="Bizupautomation.testCases.EnquiryFlows" name="SearchEnquiryFlow" time="168.269"/>
</testsuite> <!-- Bizupautomation.testCases.EnquiryFlows -->
