<?xml version="1.0" encoding="UTF-8"?>
<!-- Generated by org.testng.reporters.JUnitReportReporter -->
<testsuite hostname="DESKTOP-BEE35AR" failures="0" tests="2" name="Bizupautomation.bizup.PlayStoreInstall" time="67.984" errors="0" timestamp="2024-04-18T17:18:10 IST" skipped="0">
  <testcase classname="Bizupautomation.bizup.PlayStoreInstall" name="LoginFlow" time="16.199"/>
  <system-out/>
  <testcase classname="Bizupautomation.bizup.PlayStoreInstall" name="InstallFlow" time="51.785"/>
  <system-out/>
</testsuite> <!-- Bizupautomation.bizup.PlayStoreInstall -->
